Type-safe project accessors is an incubating feature.

> Configure project :
warning: Dokka Gradle plugin V1 is deprecated
    
    Dokka Gradle plugin V1 is deprecated, and will be removed in Dokka version 2.1.0
    Please migrate to Dokka Gradle plugin V2. This will require updating your project.
    To learn about migrating read the migration guide https://kotl.in/dokka-gradle-migration
    
    To start migrating to Dokka Gradle plugin V2 add
        org.jetbrains.dokka.experimental.gradle.pluginMode=V2EnabledWithHelpers
    into your project's `gradle.properties` file.
    
    We would appreciate your feedback!
     - Please report any feedback or problems https://kotl.in/dokka-issues
     - Chat with the community visit #dokka in https://kotlinlang.slack.com/ (To sign up visit https://kotl.in/slack)
    

> Configure project :multipaz-models
w: [33m[1mâš ï¸ Invalid Source Set Dependency Across Trees[0m[0m
Kotlin Source Set 'androidInstrumentedTest' can't depend on 'commonTest' as they are from different Source Set Trees.
[32m[1mSolution:[0m[0m
[32m[3mPlease remove this dependency edge.[0m[0m


> Task :multipaz:checkKotlinGradlePluginConfigurationErrors SKIPPED
> Task :multipaz:transformCommonMainDependenciesMetadata UP-TO-DATE
> Task :multipaz-cbor-rpc:checkKotlinGradlePluginConfigurationErrors SKIPPED
> Task :multipaz-cbor-rpc:compileKotlin UP-TO-DATE
> Task :multipaz-cbor-rpc:compileJava NO-SOURCE
> Task :multipaz-cbor-rpc:processResources UP-TO-DATE
> Task :multipaz-cbor-rpc:classes UP-TO-DATE
> Task :multipaz-cbor-rpc:jar UP-TO-DATE
> Task :multipaz:kspCommonMainKotlinMetadata UP-TO-DATE
> Task :multipaz:kspKotlinJvm SKIPPED
> Task :multipaz:compileKotlinJvm UP-TO-DATE
> Task :multipaz:compileJvmMainJava NO-SOURCE
> Task :multipaz:jvmProcessResources NO-SOURCE
> Task :multipaz:processJvmMainResources SKIPPED
> Task :multipaz:jvmMainClasses UP-TO-DATE
> Task :multipaz:jvmJar UP-TO-DATE
> Task :multipaz-doctypes:checkKotlinGradlePluginConfigurationErrors SKIPPED
> Task :multipaz-doctypes:compileKotlinJvm UP-TO-DATE
> Task :multipaz-doctypes:compileJvmMainJava NO-SOURCE
> Task :multipaz-doctypes:jvmProcessResources NO-SOURCE
> Task :multipaz-doctypes:processJvmMainResources SKIPPED
> Task :multipaz-doctypes:jvmMainClasses UP-TO-DATE
> Task :multipaz-doctypes:jvmJar UP-TO-DATE
> Task :multipaz-openid4vci-server:checkKotlinGradlePluginConfigurationErrors SKIPPED
> Task :multipaz-openid4vci-server:kspKotlin UP-TO-DATE
> Task :multipaz-openid4vci-server:compileKotlin UP-TO-DATE
> Task :multipaz-openid4vci-server:compileJava NO-SOURCE
> Task :multipaz-openid4vci-server:processResources UP-TO-DATE
> Task :multipaz-openid4vci-server:classes UP-TO-DATE

> Task :multipaz-openid4vci-server:run
2025-09-05 17:28:54.070 [main] INFO  ktor.application - Autoreload is disabled because the development mode is off.
2025-09-05 17:28:54.129 [main] INFO  ktor.application - Application started in 0.083 seconds.
2025-09-05 17:28:54.129 [main] INFO  ktor.application - Application started: io.ktor.server.application.Application@69e153c5
2025-09-05 17:28:54.299 [DefaultDispatcher-worker-1] INFO  ktor.application - Responding at http://0.0.0.0:8008

Daemon will be stopped at the end of the build after the daemon was no longer found in the daemon registry
The message received from the daemon indicates that the daemon has disappeared.
Build request sent: Build{id=8dca6c5b-a68f-4233-bb0b-e20e09ab61b2, currentDir=/Users/hanlufeng/Documents/GitHub/identity/tmp/identity-credential}
Attempting to read last messages from the daemon log...
Daemon pid: 65777
  log file: /Users/hanlufeng/.gradle/daemon/8.14.2/daemon-65777.out.log
----- Last 20 lines from daemon log file - daemon-65777.out.log -----
2025-09-05 17:28:54.129 [main] INFO  ktor.application - Application started: io.ktor.server.application.Application@69e153c5
2025-09-05 17:28:54.299 [DefaultDispatcher-worker-1] INFO  ktor.application - Responding at http://0.0.0.0:8008
Daemon vm is shutting down... The daemon has exited normally or was terminated in response to a user interrupt.
Daemon will be stopped at the end of the build after the daemon was no longer found in the daemon registry
Remove shutdown hook failed
java.lang.IllegalStateException: Shutdown in progress
	at java.base/java.lang.ApplicationShutdownHooks.remove(ApplicationShutdownHooks.java:83)
	at java.base/java.lang.Runtime.removeShutdownHook(Runtime.java:252)
	at org.gradle.process.internal.shutdown.ShutdownHooks.removeShutdownHook(ShutdownHooks.java:38)
	at org.gradle.process.internal.DefaultExecHandle.setEndStateInfo(DefaultExecHandle.java:208)
	at org.gradle.process.internal.DefaultExecHandle.aborted(DefaultExecHandle.java:392)
	at org.gradle.process.internal.ExecHandleRunner.completed(ExecHandleRunner.java:132)
	at org.gradle.process.internal.ExecHandleRunner.lambda$run$2(ExecHandleRunner.java:97)
	at org.gradle.internal.operations.CurrentBuildOperationRef.with(CurrentBuildOperationRef.java:85)
	at org.gradle.process.internal.ExecHandleRunner.run(ExecHandleRunner.java:95)
	at org.gradle.internal.concurrent.ExecutorPolicy$CatchAndRecordFailures.onExecute(ExecutorPolicy.java:64)
	at org.gradle.internal.concurrent.AbstractManagedExecutor$1.run(AbstractManagedExecutor.java:48)
	at java.base/java.util.concurrent.ThreadPoolExecutor.runWorker(ThreadPoolExecutor.java:1095)
	at java.base/java.util.concurrent.ThreadPoolExecutor$Worker.run(ThreadPoolExecutor.java:619)
	at java.base/java.lang.Thread.run(Thread.java:1447)----- End of the daemon log -----


FAILURE: Build failed with an exception.

* What went wrong:
Gradle build daemon disappeared unexpectedly (it may have been killed or may have crashed)

* Try:
> Run with --stacktrace option to get the stack trace.
> Run with --info or --debug option to get more log output.
> Run with --scan to get full insights.
> Get more help at https://help.gradle.org.
